2020-05-09 10:40:00 [127.0.0.1][-][-][warning][yii\web\User::getIdentityAndDurationFromCookie] Invalid auth key attempted for user '0': y3oE9L3OeSJDgwhMikvPT04XI-C3faln
2020-05-09 10:39:58 [127.0.0.1][-][-][info][application] $_GET = []

$_POST = []

$_FILES = []

$_COOKIE = [
    '_identity' => 'c20e376f5bc38dbfbd0e117cd90378d760436f9e00a8e70fdc70b22f25b1f957a:2:{i:0;s:9:\"_identity\";i:1;s:47:\"[0,\"y3oE9L3OeSJDgwhMikvPT04XI-C3faln\",15552000]\";}'
]

$_SERVER = [
    'REDIRECT_HTTPS' => 'on'
    'REDIRECT_SSL_TLS_SNI' => 'solo.local'
    'REDIRECT_STATUS' => '200'
    'HTTPS' => 'on'
    'SSL_TLS_SNI' => 'solo.local'
    'SSL_SERVER_S_DN_CN' => 'localhost'
    'SSL_SERVER_I_DN_CN' => 'ospanel'
    'SSL_VERSION_INTERFACE' => 'mod_ssl/2.4.41'
    'SSL_VERSION_LIBRARY' => 'OpenSSL/1.1.1c'
    'SSL_PROTOCOL' => 'TLSv1.3'
    'SSL_SECURE_RENEG' => 'false'
    'SSL_COMPRESS_METHOD' => 'NULL'
    'SSL_CIPHER' => 'TLS_AES_256_GCM_SHA384'
    'SSL_CIPHER_EXPORT' => 'false'
    'SSL_CIPHER_USEKEYSIZE' => '256'
    'SSL_CIPHER_ALGKEYSIZE' => '256'
    'SSL_CLIENT_VERIFY' => 'NONE'
    'SSL_SERVER_M_VERSION' => '1'
    'SSL_SERVER_M_SERIAL' => 'AF90673611D8DD9B'
    'SSL_SERVER_V_START' => 'Dec 23 10:54:34 2016 GMT'
    'SSL_SERVER_V_END' => 'Dec 20 10:54:34 2031 GMT'
    'SSL_SERVER_S_DN' => 'CN=localhost'
    'SSL_SERVER_I_DN' => 'CN=ospanel'
    'SSL_SERVER_A_KEY' => 'rsaEncryption'
    'SSL_SERVER_A_SIG' => 'sha256WithRSAEncryption'
    'SSL_SESSION_ID' => 'fffcbce2bedfa27ad5267d6b13686425fdd0a822d03747fa2240131b3f330230'
    'SSL_SESSION_RESUMED' => 'Initial'
    'HTTP_HOST' => 'solo.local'
    'HTTP_CONNECTION' => 'keep-alive'
    'HTTP_CACHE_CONTROL' => 'max-age=0'
    'HTTP_DNT' => '1'
    'HTTP_UPGRADE_INSECURE_REQUESTS' => '1'
    'HTTP_USER_AGENT' => 'Mozilla/5.0 (Windows NT 10.0; Win64; x64) AppleWebKit/537.36 (KHTML, like Gecko) Chrome/80.0.3987.100 Safari/537.36'
    'HTTP_SEC_FETCH_DEST' => 'document'
    'HTTP_ACCEPT' => 'text/html,application/xhtml+xml,application/xml;q=0.9,image/webp,image/apng,*/*;q=0.8,application/signed-exchange;v=b3;q=0.9'
    'HTTP_SEC_FETCH_SITE' => 'none'
    'HTTP_SEC_FETCH_MODE' => 'navigate'
    'HTTP_SEC_FETCH_USER' => '?1'
    'HTTP_ACCEPT_ENCODING' => 'gzip, deflate, br'
    'HTTP_ACCEPT_LANGUAGE' => 'ru-RU,ru;q=0.9,en-US;q=0.8,en;q=0.7'
    'HTTP_COOKIE' => '_identity=c20e376f5bc38dbfbd0e117cd90378d760436f9e00a8e70fdc70b22f25b1f957a%3A2%3A%7Bi%3A0%3Bs%3A9%3A%22_identity%22%3Bi%3A1%3Bs%3A47%3A%22%5B0%2C%22y3oE9L3OeSJDgwhMikvPT04XI-C3faln%22%2C15552000%5D%22%3B%7D'
    'PATH' => 'g:\\ospanel\\modules\\php\\PHP_7.3-x64\\ext;g:\\ospanel\\modules\\php\\PHP_7.3-x64\\pear;g:\\ospanel\\modules\\php\\PHP_7.3-x64\\pear\\bin;g:\\ospanel\\modules\\php\\PHP_7.3-x64;g:\\ospanel\\modules\\wget\\bin;g:\\ospanel\\modules\\database\\MariaDB-10.3-x64\\bin;g:\\ospanel\\modules\\redis\\Redis-3.2-x64;g:\\ospanel\\modules\\http\\Apache_2.4-PHP_7.2-7.3-x64\\bin;g:\\ospanel\\modules\\http\\Apache_2.4-PHP_7.2-7.3-x64;C:\\Windows\\system32;C:\\Windows;C:\\Windows\\system32\\Wbem;C:\\Windows\\SysWOW64'
    'SystemRoot' => 'C:\\Windows'
    'COMSPEC' => 'C:\\Windows\\system32\\cmd.exe'
    'PATHEXT' => '.COM;.EXE;.BAT;.CMD;.VBS;.VBE;.JS;.JSE;.WSF;.WSH;.MSC'
    'WINDIR' => 'C:\\Windows'
    'SERVER_SIGNATURE' => ''
    'SERVER_SOFTWARE' => 'Apache'
    'SERVER_NAME' => 'solo.local'
    'SERVER_ADDR' => '127.0.0.1'
    'SERVER_PORT' => '443'
    'REMOTE_ADDR' => '127.0.0.1'
    'DOCUMENT_ROOT' => 'G:/OSPanel/domains/solo.local'
    'REQUEST_SCHEME' => 'https'
    'CONTEXT_PREFIX' => ''
    'CONTEXT_DOCUMENT_ROOT' => 'G:/OSPanel/domains/solo.local'
    'SERVER_ADMIN' => '[no address given]'
    'SCRIPT_FILENAME' => 'G:/OSPanel/domains/solo.local/web/index.php'
    'REMOTE_PORT' => '50142'
    'REDIRECT_URL' => '/'
    'GATEWAY_INTERFACE' => 'CGI/1.1'
    'SERVER_PROTOCOL' => 'HTTP/1.1'
    'REQUEST_METHOD' => 'GET'
    'QUERY_STRING' => ''
    'REQUEST_URI' => '/'
    'SCRIPT_NAME' => '/web/index.php'
    'PHP_SELF' => '/web/index.php'
    'REQUEST_TIME_FLOAT' => 1589009997.562
    'REQUEST_TIME' => 1589009997
    'argv' => []
    'argc' => 0
]
2020-05-16 09:24:24 [127.0.0.1][-][-][error][yii\db\Exception] PDOException: SQLSTATE[HY000] [1049] Unknown database 'ssolo_m' in G:\OpenServer\domains\solo.local\vendor\yiisoft\yii2\db\Connection.php:703
Stack trace:
#0 G:\OpenServer\domains\solo.local\vendor\yiisoft\yii2\db\Connection.php(703): PDO->__construct()
#1 G:\OpenServer\domains\solo.local\vendor\yiisoft\yii2\db\Connection.php(624): yii\db\Connection->createPdoInstance()
#2 G:\OpenServer\domains\solo.local\vendor\yiisoft\yii2\db\Connection.php(1020): yii\db\Connection->open()
#3 G:\OpenServer\domains\solo.local\vendor\yiisoft\yii2\db\Connection.php(1007): yii\db\Connection->getMasterPdo()
#4 G:\OpenServer\domains\solo.local\vendor\yiisoft\yii2\db\Command.php(255): yii\db\Connection->getSlavePdo()
#5 G:\OpenServer\domains\solo.local\vendor\yiisoft\yii2\db\Command.php(1154): yii\db\Command->prepare()
#6 G:\OpenServer\domains\solo.local\vendor\yiisoft\yii2\db\Command.php(415): yii\db\Command->queryInternal()
#7 G:\OpenServer\domains\solo.local\vendor\yiisoft\yii2\db\Query.php(274): yii\db\Command->queryOne()
#8 G:\OpenServer\domains\solo.local\vendor\yiisoft\yii2\db\ActiveQuery.php(304): yii\db\Query->one()
#9 G:\OpenServer\domains\solo.local\models\Content.php(59): yii\db\ActiveQuery->one()
#10 G:\OpenServer\domains\solo.local\controllers\SiteController.php(104): app\models\Content->getContent()
#11 [internal function]: app\controllers\SiteController->actionIndex()
#12 G:\OpenServer\domains\solo.local\vendor\yiisoft\yii2\base\InlineAction.php(57): call_user_func_array()
#13 G:\OpenServer\domains\solo.local\vendor\yiisoft\yii2\base\Controller.php(157): yii\base\InlineAction->runWithParams()
#14 G:\OpenServer\domains\solo.local\vendor\yiisoft\yii2\base\Module.php(528): yii\base\Controller->runAction()
#15 G:\OpenServer\domains\solo.local\vendor\yiisoft\yii2\web\Application.php(103): yii\base\Module->runAction()
#16 G:\OpenServer\domains\solo.local\vendor\yiisoft\yii2\base\Application.php(386): yii\web\Application->handleRequest()
#17 G:\OpenServer\domains\solo.local\web\index.php(12): yii\base\Application->run()
#18 {main}

Next yii\db\Exception: SQLSTATE[HY000] [1049] Unknown database 'ssolo_m' in G:\OpenServer\domains\solo.local\vendor\yiisoft\yii2\db\Connection.php:635
Stack trace:
#0 G:\OpenServer\domains\solo.local\vendor\yiisoft\yii2\db\Connection.php(1020): yii\db\Connection->open()
#1 G:\OpenServer\domains\solo.local\vendor\yiisoft\yii2\db\Connection.php(1007): yii\db\Connection->getMasterPdo()
#2 G:\OpenServer\domains\solo.local\vendor\yiisoft\yii2\db\Command.php(255): yii\db\Connection->getSlavePdo()
#3 G:\OpenServer\domains\solo.local\vendor\yiisoft\yii2\db\Command.php(1154): yii\db\Command->prepare()
#4 G:\OpenServer\domains\solo.local\vendor\yiisoft\yii2\db\Command.php(415): yii\db\Command->queryInternal()
#5 G:\OpenServer\domains\solo.local\vendor\yiisoft\yii2\db\Query.php(274): yii\db\Command->queryOne()
#6 G:\OpenServer\domains\solo.local\vendor\yiisoft\yii2\db\ActiveQuery.php(304): yii\db\Query->one()
#7 G:\OpenServer\domains\solo.local\models\Content.php(59): yii\db\ActiveQuery->one()
#8 G:\OpenServer\domains\solo.local\controllers\SiteController.php(104): app\models\Content->getContent()
#9 [internal function]: app\controllers\SiteController->actionIndex()
#10 G:\OpenServer\domains\solo.local\vendor\yiisoft\yii2\base\InlineAction.php(57): call_user_func_array()
#11 G:\OpenServer\domains\solo.local\vendor\yiisoft\yii2\base\Controller.php(157): yii\base\InlineAction->runWithParams()
#12 G:\OpenServer\domains\solo.local\vendor\yiisoft\yii2\base\Module.php(528): yii\base\Controller->runAction()
#13 G:\OpenServer\domains\solo.local\vendor\yiisoft\yii2\web\Application.php(103): yii\base\Module->runAction()
#14 G:\OpenServer\domains\solo.local\vendor\yiisoft\yii2\base\Application.php(386): yii\web\Application->handleRequest()
#15 G:\OpenServer\domains\solo.local\web\index.php(12): yii\base\Application->run()
#16 {main}
Additional Information:

2020-05-16 09:24:23 [127.0.0.1][-][-][info][application] $_GET = []

$_POST = []

$_FILES = []

$_COOKIE = []

$_SERVER = [
    'REDIRECT_HTTP2' => 'on'
    'REDIRECT_H2PUSH' => 'on'
    'REDIRECT_H2_PUSH' => 'on'
    'REDIRECT_H2_PUSHED' => ''
    'REDIRECT_H2_PUSHED_ON' => ''
    'REDIRECT_H2_STREAM_ID' => '1'
    'REDIRECT_H2_STREAM_TAG' => '137-1'
    'REDIRECT_HTTPS' => 'on'
    'REDIRECT_SSL_TLS_SNI' => 'solo.local'
    'REDIRECT_STATUS' => '200'
    'HTTP2' => 'on'
    'H2PUSH' => 'on'
    'H2_PUSH' => 'on'
    'H2_PUSHED' => ''
    'H2_PUSHED_ON' => ''
    'H2_STREAM_ID' => '1'
    'H2_STREAM_TAG' => '137-1'
    'HTTPS' => 'on'
    'SSL_TLS_SNI' => 'solo.local'
    'SSL_SERVER_S_DN_CN' => 'localhost'
    'SSL_SERVER_I_DN_CN' => 'ospanel'
    'SSL_VERSION_INTERFACE' => 'mod_ssl/2.4.41'
    'SSL_VERSION_LIBRARY' => 'OpenSSL/1.0.2s'
    'SSL_PROTOCOL' => 'TLSv1.2'
    'SSL_SECURE_RENEG' => 'true'
    'SSL_COMPRESS_METHOD' => 'NULL'
    'SSL_CIPHER' => 'ECDHE-RSA-AES128-GCM-SHA256'
    'SSL_CIPHER_EXPORT' => 'false'
    'SSL_CIPHER_USEKEYSIZE' => '128'
    'SSL_CIPHER_ALGKEYSIZE' => '128'
    'SSL_CLIENT_VERIFY' => 'NONE'
    'SSL_SERVER_M_VERSION' => '1'
    'SSL_SERVER_M_SERIAL' => 'AF90673611D8DD9B'
    'SSL_SERVER_V_START' => 'Dec 23 10:54:34 2016 GMT'
    'SSL_SERVER_V_END' => 'Dec 20 10:54:34 2031 GMT'
    'SSL_SERVER_S_DN' => 'CN=localhost'
    'SSL_SERVER_I_DN' => 'CN=ospanel'
    'SSL_SERVER_A_KEY' => 'rsaEncryption'
    'SSL_SERVER_A_SIG' => 'sha256WithRSAEncryption'
    'SSL_SESSION_ID' => 'a0ee6706d6566bf1d6aba55bccd0b85669ad768974e04028591d3e6b4227e33e'
    'SSL_SESSION_RESUMED' => 'Initial'
    'HTTP_DNT' => '1'
    'HTTP_UPGRADE_INSECURE_REQUESTS' => '1'
    'HTTP_USER_AGENT' => 'Mozilla/5.0 (Windows NT 10.0; Win64; x64) AppleWebKit/537.36 (KHTML, like Gecko) Chrome/80.0.3987.100 Safari/537.36'
    'HTTP_SEC_FETCH_DEST' => 'document'
    'HTTP_ACCEPT' => 'text/html,application/xhtml+xml,application/xml;q=0.9,image/webp,image/apng,*/*;q=0.8,application/signed-exchange;v=b3;q=0.9'
    'HTTP_PURPOSE' => 'prefetch'
    'HTTP_SEC_FETCH_SITE' => 'none'
    'HTTP_SEC_FETCH_MODE' => 'navigate'
    'HTTP_SEC_FETCH_USER' => '?1'
    'HTTP_ACCEPT_ENCODING' => 'gzip, deflate, br'
    'HTTP_ACCEPT_LANGUAGE' => 'ru-RU,ru;q=0.9,en-US;q=0.8,en;q=0.7'
    'HTTP_HOST' => 'solo.local'
    'PATH' => 'g:\\openserver\\modules\\php\\PHP_7.4\\ext;g:\\openserver\\modules\\php\\PHP_7.4\\pear;g:\\openserver\\modules\\php\\PHP_7.4\\pear\\bin;g:\\openserver\\modules\\php\\PHP_7.4;g:\\openserver\\modules\\wget\\bin;g:\\openserver\\modules\\database\\MySQL-8.0\\bin;g:\\openserver\\modules\\redis\\Redis-4.0;g:\\openserver\\modules\\http\\Apache_2.4-PHP_7.0-7.1\\bin;g:\\openserver\\modules\\http\\Apache_2.4-PHP_7.0-7.1;C:\\Windows\\system32;C:\\Windows;C:\\Windows\\system32\\Wbem;C:\\Windows\\SysWOW64'
    'SystemRoot' => 'C:\\Windows'
    'COMSPEC' => 'C:\\Windows\\system32\\cmd.exe'
    'PATHEXT' => '.COM;.EXE;.BAT;.CMD;.VBS;.VBE;.JS;.JSE;.WSF;.WSH;.MSC'
    'WINDIR' => 'C:\\Windows'
    'SERVER_SIGNATURE' => ''
    'SERVER_SOFTWARE' => 'Apache'
    'SERVER_NAME' => 'solo.local'
    'SERVER_ADDR' => '127.0.0.1'
    'SERVER_PORT' => '443'
    'REMOTE_ADDR' => '127.0.0.1'
    'DOCUMENT_ROOT' => 'G:/OpenServer/domains/solo.local'
    'REQUEST_SCHEME' => 'https'
    'CONTEXT_PREFIX' => ''
    'CONTEXT_DOCUMENT_ROOT' => 'G:/OpenServer/domains/solo.local'
    'SERVER_ADMIN' => '[no address given]'
    'SCRIPT_FILENAME' => 'G:/OpenServer/domains/solo.local/web/index.php'
    'REMOTE_PORT' => '50031'
    'REDIRECT_URL' => '/'
    'GATEWAY_INTERFACE' => 'CGI/1.1'
    'SERVER_PROTOCOL' => 'HTTP/2.0'
    'REQUEST_METHOD' => 'GET'
    'QUERY_STRING' => ''
    'REQUEST_URI' => '/'
    'SCRIPT_NAME' => '/web/index.php'
    'PHP_SELF' => '/web/index.php'
    'REQUEST_TIME_FLOAT' => 1589610262.303
    'REQUEST_TIME' => 1589610262
    'argv' => []
    'argc' => 0
]
2020-05-16 09:24:25 [127.0.0.1][-][-][error][yii\db\Exception] PDOException: SQLSTATE[HY000] [1049] Unknown database 'ssolo_m' in G:\OpenServer\domains\solo.local\vendor\yiisoft\yii2\db\Connection.php:703
Stack trace:
#0 G:\OpenServer\domains\solo.local\vendor\yiisoft\yii2\db\Connection.php(703): PDO->__construct()
#1 G:\OpenServer\domains\solo.local\vendor\yiisoft\yii2\db\Connection.php(624): yii\db\Connection->createPdoInstance()
#2 G:\OpenServer\domains\solo.local\vendor\yiisoft\yii2\db\Connection.php(1020): yii\db\Connection->open()
#3 G:\OpenServer\domains\solo.local\vendor\yiisoft\yii2\db\Connection.php(1007): yii\db\Connection->getMasterPdo()
#4 G:\OpenServer\domains\solo.local\vendor\yiisoft\yii2\db\Command.php(255): yii\db\Connection->getSlavePdo()
#5 G:\OpenServer\domains\solo.local\vendor\yiisoft\yii2\db\Command.php(1154): yii\db\Command->prepare()
#6 G:\OpenServer\domains\solo.local\vendor\yiisoft\yii2\db\Command.php(415): yii\db\Command->queryInternal()
#7 G:\OpenServer\domains\solo.local\vendor\yiisoft\yii2\db\Query.php(274): yii\db\Command->queryOne()
#8 G:\OpenServer\domains\solo.local\vendor\yiisoft\yii2\db\ActiveQuery.php(304): yii\db\Query->one()
#9 G:\OpenServer\domains\solo.local\models\Content.php(59): yii\db\ActiveQuery->one()
#10 G:\OpenServer\domains\solo.local\controllers\SiteController.php(104): app\models\Content->getContent()
#11 [internal function]: app\controllers\SiteController->actionIndex()
#12 G:\OpenServer\domains\solo.local\vendor\yiisoft\yii2\base\InlineAction.php(57): call_user_func_array()
#13 G:\OpenServer\domains\solo.local\vendor\yiisoft\yii2\base\Controller.php(157): yii\base\InlineAction->runWithParams()
#14 G:\OpenServer\domains\solo.local\vendor\yiisoft\yii2\base\Module.php(528): yii\base\Controller->runAction()
#15 G:\OpenServer\domains\solo.local\vendor\yiisoft\yii2\web\Application.php(103): yii\base\Module->runAction()
#16 G:\OpenServer\domains\solo.local\vendor\yiisoft\yii2\base\Application.php(386): yii\web\Application->handleRequest()
#17 G:\OpenServer\domains\solo.local\web\index.php(12): yii\base\Application->run()
#18 {main}

Next yii\db\Exception: SQLSTATE[HY000] [1049] Unknown database 'ssolo_m' in G:\OpenServer\domains\solo.local\vendor\yiisoft\yii2\db\Connection.php:635
Stack trace:
#0 G:\OpenServer\domains\solo.local\vendor\yiisoft\yii2\db\Connection.php(1020): yii\db\Connection->open()
#1 G:\OpenServer\domains\solo.local\vendor\yiisoft\yii2\db\Connection.php(1007): yii\db\Connection->getMasterPdo()
#2 G:\OpenServer\domains\solo.local\vendor\yiisoft\yii2\db\Command.php(255): yii\db\Connection->getSlavePdo()
#3 G:\OpenServer\domains\solo.local\vendor\yiisoft\yii2\db\Command.php(1154): yii\db\Command->prepare()
#4 G:\OpenServer\domains\solo.local\vendor\yiisoft\yii2\db\Command.php(415): yii\db\Command->queryInternal()
#5 G:\OpenServer\domains\solo.local\vendor\yiisoft\yii2\db\Query.php(274): yii\db\Command->queryOne()
#6 G:\OpenServer\domains\solo.local\vendor\yiisoft\yii2\db\ActiveQuery.php(304): yii\db\Query->one()
#7 G:\OpenServer\domains\solo.local\models\Content.php(59): yii\db\ActiveQuery->one()
#8 G:\OpenServer\domains\solo.local\controllers\SiteController.php(104): app\models\Content->getContent()
#9 [internal function]: app\controllers\SiteController->actionIndex()
#10 G:\OpenServer\domains\solo.local\vendor\yiisoft\yii2\base\InlineAction.php(57): call_user_func_array()
#11 G:\OpenServer\domains\solo.local\vendor\yiisoft\yii2\base\Controller.php(157): yii\base\InlineAction->runWithParams()
#12 G:\OpenServer\domains\solo.local\vendor\yiisoft\yii2\base\Module.php(528): yii\base\Controller->runAction()
#13 G:\OpenServer\domains\solo.local\vendor\yiisoft\yii2\web\Application.php(103): yii\base\Module->runAction()
#14 G:\OpenServer\domains\solo.local\vendor\yiisoft\yii2\base\Application.php(386): yii\web\Application->handleRequest()
#15 G:\OpenServer\domains\solo.local\web\index.php(12): yii\base\Application->run()
#16 {main}
Additional Information:

2020-05-16 09:24:25 [127.0.0.1][-][-][info][application] $_GET = []

$_POST = []

$_FILES = []

$_COOKIE = []

$_SERVER = [
    'REDIRECT_HTTP2' => 'on'
    'REDIRECT_H2PUSH' => 'on'
    'REDIRECT_H2_PUSH' => 'on'
    'REDIRECT_H2_PUSHED' => ''
    'REDIRECT_H2_PUSHED_ON' => ''
    'REDIRECT_H2_STREAM_ID' => '3'
    'REDIRECT_H2_STREAM_TAG' => '137-3'
    'REDIRECT_HTTPS' => 'on'
    'REDIRECT_SSL_TLS_SNI' => 'solo.local'
    'REDIRECT_STATUS' => '200'
    'HTTP2' => 'on'
    'H2PUSH' => 'on'
    'H2_PUSH' => 'on'
    'H2_PUSHED' => ''
    'H2_PUSHED_ON' => ''
    'H2_STREAM_ID' => '3'
    'H2_STREAM_TAG' => '137-3'
    'HTTPS' => 'on'
    'SSL_TLS_SNI' => 'solo.local'
    'SSL_SERVER_S_DN_CN' => 'localhost'
    'SSL_SERVER_I_DN_CN' => 'ospanel'
    'SSL_VERSION_INTERFACE' => 'mod_ssl/2.4.41'
    'SSL_VERSION_LIBRARY' => 'OpenSSL/1.0.2s'
    'SSL_PROTOCOL' => 'TLSv1.2'
    'SSL_SECURE_RENEG' => 'true'
    'SSL_COMPRESS_METHOD' => 'NULL'
    'SSL_CIPHER' => 'ECDHE-RSA-AES128-GCM-SHA256'
    'SSL_CIPHER_EXPORT' => 'false'
    'SSL_CIPHER_USEKEYSIZE' => '128'
    'SSL_CIPHER_ALGKEYSIZE' => '128'
    'SSL_CLIENT_VERIFY' => 'NONE'
    'SSL_SERVER_M_VERSION' => '1'
    'SSL_SERVER_M_SERIAL' => 'AF90673611D8DD9B'
    'SSL_SERVER_V_START' => 'Dec 23 10:54:34 2016 GMT'
    'SSL_SERVER_V_END' => 'Dec 20 10:54:34 2031 GMT'
    'SSL_SERVER_S_DN' => 'CN=localhost'
    'SSL_SERVER_I_DN' => 'CN=ospanel'
    'SSL_SERVER_A_KEY' => 'rsaEncryption'
    'SSL_SERVER_A_SIG' => 'sha256WithRSAEncryption'
    'SSL_SESSION_ID' => 'a0ee6706d6566bf1d6aba55bccd0b85669ad768974e04028591d3e6b4227e33e'
    'SSL_SESSION_RESUMED' => 'Initial'
    'HTTP_DNT' => '1'
    'HTTP_UPGRADE_INSECURE_REQUESTS' => '1'
    'HTTP_USER_AGENT' => 'Mozilla/5.0 (Windows NT 10.0; Win64; x64) AppleWebKit/537.36 (KHTML, like Gecko) Chrome/80.0.3987.100 Safari/537.36'
    'HTTP_SEC_FETCH_DEST' => 'document'
    'HTTP_ACCEPT' => 'text/html,application/xhtml+xml,application/xml;q=0.9,image/webp,image/apng,*/*;q=0.8,application/signed-exchange;v=b3;q=0.9'
    'HTTP_SEC_FETCH_SITE' => 'none'
    'HTTP_SEC_FETCH_MODE' => 'navigate'
    'HTTP_SEC_FETCH_USER' => '?1'
    'HTTP_ACCEPT_ENCODING' => 'gzip, deflate, br'
    'HTTP_ACCEPT_LANGUAGE' => 'ru-RU,ru;q=0.9,en-US;q=0.8,en;q=0.7'
    'HTTP_HOST' => 'solo.local'
    'PATH' => 'g:\\openserver\\modules\\php\\PHP_7.4\\ext;g:\\openserver\\modules\\php\\PHP_7.4\\pear;g:\\openserver\\modules\\php\\PHP_7.4\\pear\\bin;g:\\openserver\\modules\\php\\PHP_7.4;g:\\openserver\\modules\\wget\\bin;g:\\openserver\\modules\\database\\MySQL-8.0\\bin;g:\\openserver\\modules\\redis\\Redis-4.0;g:\\openserver\\modules\\http\\Apache_2.4-PHP_7.0-7.1\\bin;g:\\openserver\\modules\\http\\Apache_2.4-PHP_7.0-7.1;C:\\Windows\\system32;C:\\Windows;C:\\Windows\\system32\\Wbem;C:\\Windows\\SysWOW64'
    'SystemRoot' => 'C:\\Windows'
    'COMSPEC' => 'C:\\Windows\\system32\\cmd.exe'
    'PATHEXT' => '.COM;.EXE;.BAT;.CMD;.VBS;.VBE;.JS;.JSE;.WSF;.WSH;.MSC'
    'WINDIR' => 'C:\\Windows'
    'SERVER_SIGNATURE' => ''
    'SERVER_SOFTWARE' => 'Apache'
    'SERVER_NAME' => 'solo.local'
    'SERVER_ADDR' => '127.0.0.1'
    'SERVER_PORT' => '443'
    'REMOTE_ADDR' => '127.0.0.1'
    'DOCUMENT_ROOT' => 'G:/OpenServer/domains/solo.local'
    'REQUEST_SCHEME' => 'https'
    'CONTEXT_PREFIX' => ''
    'CONTEXT_DOCUMENT_ROOT' => 'G:/OpenServer/domains/solo.local'
    'SERVER_ADMIN' => '[no address given]'
    'SCRIPT_FILENAME' => 'G:/OpenServer/domains/solo.local/web/index.php'
    'REMOTE_PORT' => '50031'
    'REDIRECT_URL' => '/'
    'GATEWAY_INTERFACE' => 'CGI/1.1'
    'SERVER_PROTOCOL' => 'HTTP/2.0'
    'REQUEST_METHOD' => 'GET'
    'QUERY_STRING' => ''
    'REQUEST_URI' => '/'
    'SCRIPT_NAME' => '/web/index.php'
    'PHP_SELF' => '/web/index.php'
    'REQUEST_TIME_FLOAT' => 1589610265.147
    'REQUEST_TIME' => 1589610265
    'argv' => []
    'argc' => 0
]
2020-05-16 09:34:42 [127.0.0.1][-][-][error][yii\db\Exception] PDOException: SQLSTATE[42S02]: Base table or view not found: 1146 Table 'ssolo_m.content' doesn't exist in G:\OpenServer\domains\solo.local\vendor\yiisoft\yii2\db\Command.php:1293
Stack trace:
#0 G:\OpenServer\domains\solo.local\vendor\yiisoft\yii2\db\Command.php(1293): PDOStatement->execute()
#1 G:\OpenServer\domains\solo.local\vendor\yiisoft\yii2\db\Command.php(1159): yii\db\Command->internalExecute()
#2 G:\OpenServer\domains\solo.local\vendor\yiisoft\yii2\db\Command.php(415): yii\db\Command->queryInternal()
#3 G:\OpenServer\domains\solo.local\vendor\yiisoft\yii2\db\Query.php(274): yii\db\Command->queryOne()
#4 G:\OpenServer\domains\solo.local\vendor\yiisoft\yii2\db\ActiveQuery.php(304): yii\db\Query->one()
#5 G:\OpenServer\domains\solo.local\models\Content.php(59): yii\db\ActiveQuery->one()
#6 G:\OpenServer\domains\solo.local\controllers\SiteController.php(104): app\models\Content->getContent()
#7 [internal function]: app\controllers\SiteController->actionIndex()
#8 G:\OpenServer\domains\solo.local\vendor\yiisoft\yii2\base\InlineAction.php(57): call_user_func_array()
#9 G:\OpenServer\domains\solo.local\vendor\yiisoft\yii2\base\Controller.php(157): yii\base\InlineAction->runWithParams()
#10 G:\OpenServer\domains\solo.local\vendor\yiisoft\yii2\base\Module.php(528): yii\base\Controller->runAction()
#11 G:\OpenServer\domains\solo.local\vendor\yiisoft\yii2\web\Application.php(103): yii\base\Module->runAction()
#12 G:\OpenServer\domains\solo.local\vendor\yiisoft\yii2\base\Application.php(386): yii\web\Application->handleRequest()
#13 G:\OpenServer\domains\solo.local\web\index.php(12): yii\base\Application->run()
#14 {main}

Next yii\db\Exception: SQLSTATE[42S02]: Base table or view not found: 1146 Table 'ssolo_m.content' doesn't exist
The SQL being executed was: CALL getLastFromContent('index') in G:\OpenServer\domains\solo.local\vendor\yiisoft\yii2\db\Schema.php:674
Stack trace:
#0 G:\OpenServer\domains\solo.local\vendor\yiisoft\yii2\db\Command.php(1298): yii\db\Schema->convertException()
#1 G:\OpenServer\domains\solo.local\vendor\yiisoft\yii2\db\Command.php(1159): yii\db\Command->internalExecute()
#2 G:\OpenServer\domains\solo.local\vendor\yiisoft\yii2\db\Command.php(415): yii\db\Command->queryInternal()
#3 G:\OpenServer\domains\solo.local\vendor\yiisoft\yii2\db\Query.php(274): yii\db\Command->queryOne()
#4 G:\OpenServer\domains\solo.local\vendor\yiisoft\yii2\db\ActiveQuery.php(304): yii\db\Query->one()
#5 G:\OpenServer\domains\solo.local\models\Content.php(59): yii\db\ActiveQuery->one()
#6 G:\OpenServer\domains\solo.local\controllers\SiteController.php(104): app\models\Content->getContent()
#7 [internal function]: app\controllers\SiteController->actionIndex()
#8 G:\OpenServer\domains\solo.local\vendor\yiisoft\yii2\base\InlineAction.php(57): call_user_func_array()
#9 G:\OpenServer\domains\solo.local\vendor\yiisoft\yii2\base\Controller.php(157): yii\base\InlineAction->runWithParams()
#10 G:\OpenServer\domains\solo.local\vendor\yiisoft\yii2\base\Module.php(528): yii\base\Controller->runAction()
#11 G:\OpenServer\domains\solo.local\vendor\yiisoft\yii2\web\Application.php(103): yii\base\Module->runAction()
#12 G:\OpenServer\domains\solo.local\vendor\yiisoft\yii2\base\Application.php(386): yii\web\Application->handleRequest()
#13 G:\OpenServer\domains\solo.local\web\index.php(12): yii\base\Application->run()
#14 {main}
Additional Information:
Array
(
    [0] => 42S02
    [1] => 1146
    [2] => Table 'ssolo_m.content' doesn't exist
)

2020-05-16 09:34:41 [127.0.0.1][-][-][info][application] $_GET = []

$_POST = []

$_FILES = []

$_COOKIE = []

$_SERVER = [
    'REDIRECT_HTTP2' => 'on'
    'REDIRECT_H2PUSH' => 'on'
    'REDIRECT_H2_PUSH' => 'on'
    'REDIRECT_H2_PUSHED' => ''
    'REDIRECT_H2_PUSHED_ON' => ''
    'REDIRECT_H2_STREAM_ID' => '1'
    'REDIRECT_H2_STREAM_TAG' => '148-1'
    'REDIRECT_HTTPS' => 'on'
    'REDIRECT_SSL_TLS_SNI' => 'solo.local'
    'REDIRECT_STATUS' => '200'
    'HTTP2' => 'on'
    'H2PUSH' => 'on'
    'H2_PUSH' => 'on'
    'H2_PUSHED' => ''
    'H2_PUSHED_ON' => ''
    'H2_STREAM_ID' => '1'
    'H2_STREAM_TAG' => '148-1'
    'HTTPS' => 'on'
    'SSL_TLS_SNI' => 'solo.local'
    'SSL_SERVER_S_DN_CN' => 'localhost'
    'SSL_SERVER_I_DN_CN' => 'ospanel'
    'SSL_VERSION_INTERFACE' => 'mod_ssl/2.4.41'
    'SSL_VERSION_LIBRARY' => 'OpenSSL/1.0.2s'
    'SSL_PROTOCOL' => 'TLSv1.2'
    'SSL_SECURE_RENEG' => 'true'
    'SSL_COMPRESS_METHOD' => 'NULL'
    'SSL_CIPHER' => 'ECDHE-RSA-AES128-GCM-SHA256'
    'SSL_CIPHER_EXPORT' => 'false'
    'SSL_CIPHER_USEKEYSIZE' => '128'
    'SSL_CIPHER_ALGKEYSIZE' => '128'
    'SSL_CLIENT_VERIFY' => 'NONE'
    'SSL_SERVER_M_VERSION' => '1'
    'SSL_SERVER_M_SERIAL' => 'AF90673611D8DD9B'
    'SSL_SERVER_V_START' => 'Dec 23 10:54:34 2016 GMT'
    'SSL_SERVER_V_END' => 'Dec 20 10:54:34 2031 GMT'
    'SSL_SERVER_S_DN' => 'CN=localhost'
    'SSL_SERVER_I_DN' => 'CN=ospanel'
    'SSL_SERVER_A_KEY' => 'rsaEncryption'
    'SSL_SERVER_A_SIG' => 'sha256WithRSAEncryption'
    'SSL_SESSION_ID' => 'a0ee6706d6566bf1d6aba55bccd0b85669ad768974e04028591d3e6b4227e33e'
    'SSL_SESSION_RESUMED' => 'Resumed'
    'HTTP_CACHE_CONTROL' => 'max-age=0'
    'HTTP_DNT' => '1'
    'HTTP_UPGRADE_INSECURE_REQUESTS' => '1'
    'HTTP_USER_AGENT' => 'Mozilla/5.0 (Windows NT 10.0; Win64; x64) AppleWebKit/537.36 (KHTML, like Gecko) Chrome/80.0.3987.100 Safari/537.36'
    'HTTP_SEC_FETCH_DEST' => 'document'
    'HTTP_ACCEPT' => 'text/html,application/xhtml+xml,application/xml;q=0.9,image/webp,image/apng,*/*;q=0.8,application/signed-exchange;v=b3;q=0.9'
    'HTTP_SEC_FETCH_SITE' => 'none'
    'HTTP_SEC_FETCH_MODE' => 'navigate'
    'HTTP_SEC_FETCH_USER' => '?1'
    'HTTP_ACCEPT_ENCODING' => 'gzip, deflate, br'
    'HTTP_ACCEPT_LANGUAGE' => 'ru-RU,ru;q=0.9,en-US;q=0.8,en;q=0.7'
    'HTTP_HOST' => 'solo.local'
    'PATH' => 'g:\\openserver\\modules\\php\\PHP_7.4\\ext;g:\\openserver\\modules\\php\\PHP_7.4\\pear;g:\\openserver\\modules\\php\\PHP_7.4\\pear\\bin;g:\\openserver\\modules\\php\\PHP_7.4;g:\\openserver\\modules\\wget\\bin;g:\\openserver\\modules\\database\\MySQL-8.0\\bin;g:\\openserver\\modules\\redis\\Redis-4.0;g:\\openserver\\modules\\http\\Apache_2.4-PHP_7.0-7.1\\bin;g:\\openserver\\modules\\http\\Apache_2.4-PHP_7.0-7.1;C:\\Windows\\system32;C:\\Windows;C:\\Windows\\system32\\Wbem;C:\\Windows\\SysWOW64'
    'SystemRoot' => 'C:\\Windows'
    'COMSPEC' => 'C:\\Windows\\system32\\cmd.exe'
    'PATHEXT' => '.COM;.EXE;.BAT;.CMD;.VBS;.VBE;.JS;.JSE;.WSF;.WSH;.MSC'
    'WINDIR' => 'C:\\Windows'
    'SERVER_SIGNATURE' => ''
    'SERVER_SOFTWARE' => 'Apache'
    'SERVER_NAME' => 'solo.local'
    'SERVER_ADDR' => '127.0.0.1'
    'SERVER_PORT' => '443'
    'REMOTE_ADDR' => '127.0.0.1'
    'DOCUMENT_ROOT' => 'G:/OpenServer/domains/solo.local'
    'REQUEST_SCHEME' => 'https'
    'CONTEXT_PREFIX' => ''
    'CONTEXT_DOCUMENT_ROOT' => 'G:/OpenServer/domains/solo.local'
    'SERVER_ADMIN' => '[no address given]'
    'SCRIPT_FILENAME' => 'G:/OpenServer/domains/solo.local/web/index.php'
    'REMOTE_PORT' => '50225'
    'REDIRECT_URL' => '/'
    'GATEWAY_INTERFACE' => 'CGI/1.1'
    'SERVER_PROTOCOL' => 'HTTP/2.0'
    'REQUEST_METHOD' => 'GET'
    'QUERY_STRING' => ''
    'REQUEST_URI' => '/'
    'SCRIPT_NAME' => '/web/index.php'
    'PHP_SELF' => '/web/index.php'
    'REQUEST_TIME_FLOAT' => 1589610881.877
    'REQUEST_TIME' => 1589610881
    'argv' => []
    'argc' => 0
]
